<?xml version="1.0" encoding="UTF-8"?>
<testsuite xmlns:xsi="http://www.w3.org/2001/XMLSchema-instance" xsi:noNamespaceSchemaLocation="https://maven.apache.org/surefire/maven-surefire-plugin/xsd/surefire-test-report.xsd" name="com.example.demo.DemoApplicationTests" time="0.102" tests="3" errors="3" skipped="0" failures="0">
  <properties>
    <property name="sun.desktop" value="windows"/>
    <property name="awt.toolkit" value="sun.awt.windows.WToolkit"/>
    <property name="file.encoding.pkg" value="sun.io"/>
    <property name="java.specification.version" value="1.8"/>
    <property name="sun.cpu.isalist" value="amd64"/>
    <property name="sun.jnu.encoding" value="GBK"/>
    <property name="java.class.path" value="E:\YY\fuhua2.0\target\test-classes;E:\YY\fuhua2.0\target\classes;D:\maven\apache-maven-3.5.2-bin.tar\LocalWarehouse\org\springframework\boot\spring-boot-starter-web\2.1.3.RELEASE\spring-boot-starter-web-2.1.3.RELEASE.jar;D:\maven\apache-maven-3.5.2-bin.tar\LocalWarehouse\org\springframework\boot\spring-boot-starter\2.1.3.RELEASE\spring-boot-starter-2.1.3.RELEASE.jar;D:\maven\apache-maven-3.5.2-bin.tar\LocalWarehouse\org\springframework\boot\spring-boot\2.1.3.RELEASE\spring-boot-2.1.3.RELEASE.jar;D:\maven\apache-maven-3.5.2-bin.tar\LocalWarehouse\org\springframework\boot\spring-boot-starter-logging\2.1.3.RELEASE\spring-boot-starter-logging-2.1.3.RELEASE.jar;D:\maven\apache-maven-3.5.2-bin.tar\LocalWarehouse\ch\qos\logback\logback-classic\1.2.3\logback-classic-1.2.3.jar;D:\maven\apache-maven-3.5.2-bin.tar\LocalWarehouse\ch\qos\logback\logback-core\1.2.3\logback-core-1.2.3.jar;D:\maven\apache-maven-3.5.2-bin.tar\LocalWarehouse\org\apache\logging\log4j\log4j-to-slf4j\2.11.2\log4j-to-slf4j-2.11.2.jar;D:\maven\apache-maven-3.5.2-bin.tar\LocalWarehouse\org\apache\logging\log4j\log4j-api\2.11.2\log4j-api-2.11.2.jar;D:\maven\apache-maven-3.5.2-bin.tar\LocalWarehouse\org\slf4j\jul-to-slf4j\1.7.25\jul-to-slf4j-1.7.25.jar;D:\maven\apache-maven-3.5.2-bin.tar\LocalWarehouse\javax\annotation\javax.annotation-api\1.3.2\javax.annotation-api-1.3.2.jar;D:\maven\apache-maven-3.5.2-bin.tar\LocalWarehouse\org\springframework\boot\spring-boot-starter-json\2.1.3.RELEASE\spring-boot-starter-json-2.1.3.RELEASE.jar;D:\maven\apache-maven-3.5.2-bin.tar\LocalWarehouse\com\fasterxml\jackson\core\jackson-databind\2.9.8\jackson-databind-2.9.8.jar;D:\maven\apache-maven-3.5.2-bin.tar\LocalWarehouse\com\fasterxml\jackson\datatype\jackson-datatype-jdk8\2.9.8\jackson-datatype-jdk8-2.9.8.jar;D:\maven\apache-maven-3.5.2-bin.tar\LocalWarehouse\com\fasterxml\jackson\datatype\jackson-datatype-jsr310\2.9.8\jackson-datatype-jsr310-2.9.8.jar;D:\maven\apache-maven-3.5.2-bin.tar\LocalWarehouse\com\fasterxml\jackson\module\jackson-module-parameter-names\2.9.8\jackson-module-parameter-names-2.9.8.jar;D:\maven\apache-maven-3.5.2-bin.tar\LocalWarehouse\org\springframework\boot\spring-boot-starter-tomcat\2.1.3.RELEASE\spring-boot-starter-tomcat-2.1.3.RELEASE.jar;D:\maven\apache-maven-3.5.2-bin.tar\LocalWarehouse\org\apache\tomcat\embed\tomcat-embed-core\9.0.16\tomcat-embed-core-9.0.16.jar;D:\maven\apache-maven-3.5.2-bin.tar\LocalWarehouse\org\apache\tomcat\embed\tomcat-embed-el\9.0.16\tomcat-embed-el-9.0.16.jar;D:\maven\apache-maven-3.5.2-bin.tar\LocalWarehouse\org\apache\tomcat\embed\tomcat-embed-websocket\9.0.16\tomcat-embed-websocket-9.0.16.jar;D:\maven\apache-maven-3.5.2-bin.tar\LocalWarehouse\org\hibernate\validator\hibernate-validator\6.0.14.Final\hibernate-validator-6.0.14.Final.jar;D:\maven\apache-maven-3.5.2-bin.tar\LocalWarehouse\javax\validation\validation-api\2.0.1.Final\validation-api-2.0.1.Final.jar;D:\maven\apache-maven-3.5.2-bin.tar\LocalWarehouse\org\jboss\logging\jboss-logging\3.3.2.Final\jboss-logging-3.3.2.Final.jar;D:\maven\apache-maven-3.5.2-bin.tar\LocalWarehouse\org\springframework\spring-web\5.1.5.RELEASE\spring-web-5.1.5.RELEASE.jar;D:\maven\apache-maven-3.5.2-bin.tar\LocalWarehouse\org\springframework\spring-beans\5.1.5.RELEASE\spring-beans-5.1.5.RELEASE.jar;D:\maven\apache-maven-3.5.2-bin.tar\LocalWarehouse\org\springframework\spring-webmvc\5.1.5.RELEASE\spring-webmvc-5.1.5.RELEASE.jar;D:\maven\apache-maven-3.5.2-bin.tar\LocalWarehouse\org\springframework\spring-context\5.1.5.RELEASE\spring-context-5.1.5.RELEASE.jar;D:\maven\apache-maven-3.5.2-bin.tar\LocalWarehouse\org\springframework\spring-expression\5.1.5.RELEASE\spring-expression-5.1.5.RELEASE.jar;D:\maven\apache-maven-3.5.2-bin.tar\LocalWarehouse\org\springframework\boot\spring-boot-starter-actuator\2.1.3.RELEASE\spring-boot-starter-actuator-2.1.3.RELEASE.jar;D:\maven\apache-maven-3.5.2-bin.tar\LocalWarehouse\org\springframework\boot\spring-boot-actuator-autoconfigure\2.1.3.RELEASE\spring-boot-actuator-autoconfigure-2.1.3.RELEASE.jar;D:\maven\apache-maven-3.5.2-bin.tar\LocalWarehouse\org\springframework\boot\spring-boot-actuator\2.1.3.RELEASE\spring-boot-actuator-2.1.3.RELEASE.jar;D:\maven\apache-maven-3.5.2-bin.tar\LocalWarehouse\io\micrometer\micrometer-core\1.1.3\micrometer-core-1.1.3.jar;D:\maven\apache-maven-3.5.2-bin.tar\LocalWarehouse\org\hdrhistogram\HdrHistogram\2.1.9\HdrHistogram-2.1.9.jar;D:\maven\apache-maven-3.5.2-bin.tar\LocalWarehouse\org\latencyutils\LatencyUtils\2.0.3\LatencyUtils-2.0.3.jar;D:\maven\apache-maven-3.5.2-bin.tar\LocalWarehouse\org\springframework\boot\spring-boot-starter-aop\2.1.3.RELEASE\spring-boot-starter-aop-2.1.3.RELEASE.jar;D:\maven\apache-maven-3.5.2-bin.tar\LocalWarehouse\org\springframework\spring-aop\5.1.5.RELEASE\spring-aop-5.1.5.RELEASE.jar;D:\maven\apache-maven-3.5.2-bin.tar\LocalWarehouse\org\aspectj\aspectjweaver\1.9.2\aspectjweaver-1.9.2.jar;D:\maven\apache-maven-3.5.2-bin.tar\LocalWarehouse\org\springframework\boot\spring-boot-starter-test\2.1.3.RELEASE\spring-boot-starter-test-2.1.3.RELEASE.jar;D:\maven\apache-maven-3.5.2-bin.tar\LocalWarehouse\org\springframework\boot\spring-boot-test\2.1.3.RELEASE\spring-boot-test-2.1.3.RELEASE.jar;D:\maven\apache-maven-3.5.2-bin.tar\LocalWarehouse\org\springframework\boot\spring-boot-test-autoconfigure\2.1.3.RELEASE\spring-boot-test-autoconfigure-2.1.3.RELEASE.jar;D:\maven\apache-maven-3.5.2-bin.tar\LocalWarehouse\com\jayway\jsonpath\json-path\2.4.0\json-path-2.4.0.jar;D:\maven\apache-maven-3.5.2-bin.tar\LocalWarehouse\net\minidev\json-smart\2.3\json-smart-2.3.jar;D:\maven\apache-maven-3.5.2-bin.tar\LocalWarehouse\net\minidev\accessors-smart\1.2\accessors-smart-1.2.jar;D:\maven\apache-maven-3.5.2-bin.tar\LocalWarehouse\org\ow2\asm\asm\5.0.4\asm-5.0.4.jar;D:\maven\apache-maven-3.5.2-bin.tar\LocalWarehouse\junit\junit\4.12\junit-4.12.jar;D:\maven\apache-maven-3.5.2-bin.tar\LocalWarehouse\org\assertj\assertj-core\3.11.1\assertj-core-3.11.1.jar;D:\maven\apache-maven-3.5.2-bin.tar\LocalWarehouse\org\mockito\mockito-core\2.23.4\mockito-core-2.23.4.jar;D:\maven\apache-maven-3.5.2-bin.tar\LocalWarehouse\net\bytebuddy\byte-buddy\1.9.10\byte-buddy-1.9.10.jar;D:\maven\apache-maven-3.5.2-bin.tar\LocalWarehouse\net\bytebuddy\byte-buddy-agent\1.9.10\byte-buddy-agent-1.9.10.jar;D:\maven\apache-maven-3.5.2-bin.tar\LocalWarehouse\org\objenesis\objenesis\2.6\objenesis-2.6.jar;D:\maven\apache-maven-3.5.2-bin.tar\LocalWarehouse\org\hamcrest\hamcrest-core\1.3\hamcrest-core-1.3.jar;D:\maven\apache-maven-3.5.2-bin.tar\LocalWarehouse\org\hamcrest\hamcrest-library\1.3\hamcrest-library-1.3.jar;D:\maven\apache-maven-3.5.2-bin.tar\LocalWarehouse\org\skyscreamer\jsonassert\1.5.0\jsonassert-1.5.0.jar;D:\maven\apache-maven-3.5.2-bin.tar\LocalWarehouse\com\vaadin\external\google\android-json\0.0.20131108.vaadin1\android-json-0.0.20131108.vaadin1.jar;D:\maven\apache-maven-3.5.2-bin.tar\LocalWarehouse\org\springframework\spring-core\5.1.5.RELEASE\spring-core-5.1.5.RELEASE.jar;D:\maven\apache-maven-3.5.2-bin.tar\LocalWarehouse\org\springframework\spring-jcl\5.1.5.RELEASE\spring-jcl-5.1.5.RELEASE.jar;D:\maven\apache-maven-3.5.2-bin.tar\LocalWarehouse\org\springframework\spring-test\5.1.5.RELEASE\spring-test-5.1.5.RELEASE.jar;D:\maven\apache-maven-3.5.2-bin.tar\LocalWarehouse\org\xmlunit\xmlunit-core\2.6.2\xmlunit-core-2.6.2.jar;D:\maven\apache-maven-3.5.2-bin.tar\LocalWarehouse\com\github\pagehelper\pagehelper-spring-boot-starter\1.2.10\pagehelper-spring-boot-starter-1.2.10.jar;D:\maven\apache-maven-3.5.2-bin.tar\LocalWarehouse\org\mybatis\spring\boot\mybatis-spring-boot-starter\1.3.2\mybatis-spring-boot-starter-1.3.2.jar;D:\maven\apache-maven-3.5.2-bin.tar\LocalWarehouse\org\springframework\boot\spring-boot-starter-jdbc\2.1.3.RELEASE\spring-boot-starter-jdbc-2.1.3.RELEASE.jar;D:\maven\apache-maven-3.5.2-bin.tar\LocalWarehouse\com\zaxxer\HikariCP\3.2.0\HikariCP-3.2.0.jar;D:\maven\apache-maven-3.5.2-bin.tar\LocalWarehouse\org\springframework\spring-jdbc\5.1.5.RELEASE\spring-jdbc-5.1.5.RELEASE.jar;D:\maven\apache-maven-3.5.2-bin.tar\LocalWarehouse\org\mybatis\spring\boot\mybatis-spring-boot-autoconfigure\1.3.2\mybatis-spring-boot-autoconfigure-1.3.2.jar;D:\maven\apache-maven-3.5.2-bin.tar\LocalWarehouse\org\mybatis\mybatis\3.4.6\mybatis-3.4.6.jar;D:\maven\apache-maven-3.5.2-bin.tar\LocalWarehouse\org\mybatis\mybatis-spring\1.3.2\mybatis-spring-1.3.2.jar;D:\maven\apache-maven-3.5.2-bin.tar\LocalWarehouse\com\github\pagehelper\pagehelper-spring-boot-autoconfigure\1.2.10\pagehelper-spring-boot-autoconfigure-1.2.10.jar;D:\maven\apache-maven-3.5.2-bin.tar\LocalWarehouse\com\github\pagehelper\pagehelper\5.1.8\pagehelper-5.1.8.jar;D:\maven\apache-maven-3.5.2-bin.tar\LocalWarehouse\com\github\jsqlparser\jsqlparser\1.2\jsqlparser-1.2.jar;D:\maven\apache-maven-3.5.2-bin.tar\LocalWarehouse\com\alibaba\druid-spring-boot-starter\1.1.10\druid-spring-boot-starter-1.1.10.jar;D:\maven\apache-maven-3.5.2-bin.tar\LocalWarehouse\com\alibaba\druid\1.1.10\druid-1.1.10.jar;D:\maven\apache-maven-3.5.2-bin.tar\LocalWarehouse\org\slf4j\slf4j-api\1.7.25\slf4j-api-1.7.25.jar;D:\maven\apache-maven-3.5.2-bin.tar\LocalWarehouse\org\springframework\boot\spring-boot-autoconfigure\2.1.3.RELEASE\spring-boot-autoconfigure-2.1.3.RELEASE.jar;D:\maven\apache-maven-3.5.2-bin.tar\LocalWarehouse\org\mybatis\generator\mybatis-generator-core\1.3.7\mybatis-generator-core-1.3.7.jar;D:\maven\apache-maven-3.5.2-bin.tar\LocalWarehouse\mysql\mysql-connector-java\8.0.15\mysql-connector-java-8.0.15.jar;D:\maven\apache-maven-3.5.2-bin.tar\LocalWarehouse\io\springfox\springfox-swagger2\2.7.0\springfox-swagger2-2.7.0.jar;D:\maven\apache-maven-3.5.2-bin.tar\LocalWarehouse\io\swagger\swagger-annotations\1.5.13\swagger-annotations-1.5.13.jar;D:\maven\apache-maven-3.5.2-bin.tar\LocalWarehouse\io\swagger\swagger-models\1.5.13\swagger-models-1.5.13.jar;D:\maven\apache-maven-3.5.2-bin.tar\LocalWarehouse\com\fasterxml\jackson\core\jackson-annotations\2.9.0\jackson-annotations-2.9.0.jar;D:\maven\apache-maven-3.5.2-bin.tar\LocalWarehouse\io\springfox\springfox-spi\2.7.0\springfox-spi-2.7.0.jar;D:\maven\apache-maven-3.5.2-bin.tar\LocalWarehouse\io\springfox\springfox-core\2.7.0\springfox-core-2.7.0.jar;D:\maven\apache-maven-3.5.2-bin.tar\LocalWarehouse\io\springfox\springfox-schema\2.7.0\springfox-schema-2.7.0.jar;D:\maven\apache-maven-3.5.2-bin.tar\LocalWarehouse\io\springfox\springfox-swagger-common\2.7.0\springfox-swagger-common-2.7.0.jar;D:\maven\apache-maven-3.5.2-bin.tar\LocalWarehouse\io\springfox\springfox-spring-web\2.7.0\springfox-spring-web-2.7.0.jar;D:\maven\apache-maven-3.5.2-bin.tar\LocalWarehouse\org\reflections\reflections\0.9.11\reflections-0.9.11.jar;D:\maven\apache-maven-3.5.2-bin.tar\LocalWarehouse\org\javassist\javassist\3.21.0-GA\javassist-3.21.0-GA.jar;D:\maven\apache-maven-3.5.2-bin.tar\LocalWarehouse\com\google\guava\guava\18.0\guava-18.0.jar;D:\maven\apache-maven-3.5.2-bin.tar\LocalWarehouse\com\fasterxml\classmate\1.4.0\classmate-1.4.0.jar;D:\maven\apache-maven-3.5.2-bin.tar\LocalWarehouse\org\springframework\plugin\spring-plugin-core\1.2.0.RELEASE\spring-plugin-core-1.2.0.RELEASE.jar;D:\maven\apache-maven-3.5.2-bin.tar\LocalWarehouse\org\springframework\plugin\spring-plugin-metadata\1.2.0.RELEASE\spring-plugin-metadata-1.2.0.RELEASE.jar;D:\maven\apache-maven-3.5.2-bin.tar\LocalWarehouse\org\mapstruct\mapstruct\1.1.0.Final\mapstruct-1.1.0.Final.jar;D:\maven\apache-maven-3.5.2-bin.tar\LocalWarehouse\io\springfox\springfox-swagger-ui\2.7.0\springfox-swagger-ui-2.7.0.jar;D:\maven\apache-maven-3.5.2-bin.tar\LocalWarehouse\io\ebean\ebean\11.44.1\ebean-11.44.1.jar;D:\maven\apache-maven-3.5.2-bin.tar\LocalWarehouse\org\yaml\snakeyaml\1.23\snakeyaml-1.23.jar;D:\maven\apache-maven-3.5.2-bin.tar\LocalWarehouse\io\ebean\persistence-api\2.2.2\persistence-api-2.2.2.jar;D:\maven\apache-maven-3.5.2-bin.tar\LocalWarehouse\io\ebean\ebean-annotation\4.12\ebean-annotation-4.12.jar;D:\maven\apache-maven-3.5.2-bin.tar\LocalWarehouse\io\ebean\ebean-types\1.3\ebean-types-1.3.jar;D:\maven\apache-maven-3.5.2-bin.tar\LocalWarehouse\io\ebean\ebean-datasource\4.6.1\ebean-datasource-4.6.1.jar;D:\maven\apache-maven-3.5.2-bin.tar\LocalWarehouse\io\ebean\ebean-datasource-api\4.6\ebean-datasource-api-4.6.jar;D:\maven\apache-maven-3.5.2-bin.tar\LocalWarehouse\org\avaje\avaje-classpath-scanner\3.1.1\avaje-classpath-scanner-3.1.1.jar;D:\maven\apache-maven-3.5.2-bin.tar\LocalWarehouse\org\avaje\avaje-classpath-scanner-api\2.2\avaje-classpath-scanner-api-2.2.jar;D:\maven\apache-maven-3.5.2-bin.tar\LocalWarehouse\io\ebean\ebean-migration\11.20.1\ebean-migration-11.20.1.jar;D:\maven\apache-maven-3.5.2-bin.tar\LocalWarehouse\org\antlr\antlr4-runtime\4.7.2\antlr4-runtime-4.7.2.jar;D:\maven\apache-maven-3.5.2-bin.tar\LocalWarehouse\com\fasterxml\jackson\core\jackson-core\2.9.8\jackson-core-2.9.8.jar;D:\maven\apache-maven-3.5.2-bin.tar\LocalWarehouse\io\ebean\ebean-querybean\11.44.1\ebean-querybean-11.44.1.jar;D:\maven\apache-maven-3.5.2-bin.tar\LocalWarehouse\io\ebean\querybean-generator\11.44.1\querybean-generator-11.44.1.jar;D:\maven\apache-maven-3.5.2-bin.tar\LocalWarehouse\org\projectlombok\lombok\1.18.6\lombok-1.18.6.jar;D:\maven\apache-maven-3.5.2-bin.tar\LocalWarehouse\org\springframework\boot\spring-boot-starter-data-redis\2.1.3.RELEASE\spring-boot-starter-data-redis-2.1.3.RELEASE.jar;D:\maven\apache-maven-3.5.2-bin.tar\LocalWarehouse\org\springframework\data\spring-data-redis\2.1.5.RELEASE\spring-data-redis-2.1.5.RELEASE.jar;D:\maven\apache-maven-3.5.2-bin.tar\LocalWarehouse\org\springframework\data\spring-data-keyvalue\2.1.5.RELEASE\spring-data-keyvalue-2.1.5.RELEASE.jar;D:\maven\apache-maven-3.5.2-bin.tar\LocalWarehouse\org\springframework\data\spring-data-commons\2.1.5.RELEASE\spring-data-commons-2.1.5.RELEASE.jar;D:\maven\apache-maven-3.5.2-bin.tar\LocalWarehouse\org\springframework\spring-tx\5.1.5.RELEASE\spring-tx-5.1.5.RELEASE.jar;D:\maven\apache-maven-3.5.2-bin.tar\LocalWarehouse\org\springframework\spring-oxm\5.1.5.RELEASE\spring-oxm-5.1.5.RELEASE.jar;D:\maven\apache-maven-3.5.2-bin.tar\LocalWarehouse\org\springframework\spring-context-support\5.1.5.RELEASE\spring-context-support-5.1.5.RELEASE.jar;D:\maven\apache-maven-3.5.2-bin.tar\LocalWarehouse\io\lettuce\lettuce-core\5.1.4.RELEASE\lettuce-core-5.1.4.RELEASE.jar;D:\maven\apache-maven-3.5.2-bin.tar\LocalWarehouse\io\netty\netty-common\4.1.33.Final\netty-common-4.1.33.Final.jar;D:\maven\apache-maven-3.5.2-bin.tar\LocalWarehouse\io\netty\netty-handler\4.1.33.Final\netty-handler-4.1.33.Final.jar;D:\maven\apache-maven-3.5.2-bin.tar\LocalWarehouse\io\netty\netty-buffer\4.1.33.Final\netty-buffer-4.1.33.Final.jar;D:\maven\apache-maven-3.5.2-bin.tar\LocalWarehouse\io\netty\netty-codec\4.1.33.Final\netty-codec-4.1.33.Final.jar;D:\maven\apache-maven-3.5.2-bin.tar\LocalWarehouse\io\netty\netty-transport\4.1.33.Final\netty-transport-4.1.33.Final.jar;D:\maven\apache-maven-3.5.2-bin.tar\LocalWarehouse\io\netty\netty-resolver\4.1.33.Final\netty-resolver-4.1.33.Final.jar;D:\maven\apache-maven-3.5.2-bin.tar\LocalWarehouse\io\projectreactor\reactor-core\3.2.6.RELEASE\reactor-core-3.2.6.RELEASE.jar;D:\maven\apache-maven-3.5.2-bin.tar\LocalWarehouse\org\reactivestreams\reactive-streams\1.0.2\reactive-streams-1.0.2.jar;D:\maven\apache-maven-3.5.2-bin.tar\LocalWarehouse\redis\clients\jedis\2.6.0\jedis-2.6.0.jar;D:\maven\apache-maven-3.5.2-bin.tar\LocalWarehouse\org\apache\commons\commons-pool2\2.6.1\commons-pool2-2.6.1.jar;"/>
    <property name="java.vm.vendor" value="Oracle Corporation"/>
    <property name="sun.arch.data.model" value="64"/>
    <property name="user.variant" value=""/>
    <property name="java.vendor.url" value="http://java.oracle.com/"/>
    <property name="user.timezone" value="Asia/Shanghai"/>
    <property name="java.vm.specification.version" value="1.8"/>
    <property name="os.name" value="Windows 10"/>
    <property name="user.country" value="CN"/>
    <property name="sun.java.launcher" value="SUN_STANDARD"/>
    <property name="sun.boot.library.path" value="C:\Program Files\Java\jdk1.8.0_121\jre\bin"/>
    <property name="sun.java.command" value="C:\Users\hasee\AppData\Local\Temp\surefire8108165582957423393\surefirebooter1393605277956648834.jar C:\Users\hasee\AppData\Local\Temp\surefire8108165582957423393 2019-11-24T15-28-16_605-jvmRun1 surefire5305275019632383722tmp surefire_01601333440697247103tmp"/>
    <property name="surefire.test.class.path" value="E:\YY\fuhua2.0\target\test-classes;E:\YY\fuhua2.0\target\classes;D:\maven\apache-maven-3.5.2-bin.tar\LocalWarehouse\org\springframework\boot\spring-boot-starter-web\2.1.3.RELEASE\spring-boot-starter-web-2.1.3.RELEASE.jar;D:\maven\apache-maven-3.5.2-bin.tar\LocalWarehouse\org\springframework\boot\spring-boot-starter\2.1.3.RELEASE\spring-boot-starter-2.1.3.RELEASE.jar;D:\maven\apache-maven-3.5.2-bin.tar\LocalWarehouse\org\springframework\boot\spring-boot\2.1.3.RELEASE\spring-boot-2.1.3.RELEASE.jar;D:\maven\apache-maven-3.5.2-bin.tar\LocalWarehouse\org\springframework\boot\spring-boot-starter-logging\2.1.3.RELEASE\spring-boot-starter-logging-2.1.3.RELEASE.jar;D:\maven\apache-maven-3.5.2-bin.tar\LocalWarehouse\ch\qos\logback\logback-classic\1.2.3\logback-classic-1.2.3.jar;D:\maven\apache-maven-3.5.2-bin.tar\LocalWarehouse\ch\qos\logback\logback-core\1.2.3\logback-core-1.2.3.jar;D:\maven\apache-maven-3.5.2-bin.tar\LocalWarehouse\org\apache\logging\log4j\log4j-to-slf4j\2.11.2\log4j-to-slf4j-2.11.2.jar;D:\maven\apache-maven-3.5.2-bin.tar\LocalWarehouse\org\apache\logging\log4j\log4j-api\2.11.2\log4j-api-2.11.2.jar;D:\maven\apache-maven-3.5.2-bin.tar\LocalWarehouse\org\slf4j\jul-to-slf4j\1.7.25\jul-to-slf4j-1.7.25.jar;D:\maven\apache-maven-3.5.2-bin.tar\LocalWarehouse\javax\annotation\javax.annotation-api\1.3.2\javax.annotation-api-1.3.2.jar;D:\maven\apache-maven-3.5.2-bin.tar\LocalWarehouse\org\springframework\boot\spring-boot-starter-json\2.1.3.RELEASE\spring-boot-starter-json-2.1.3.RELEASE.jar;D:\maven\apache-maven-3.5.2-bin.tar\LocalWarehouse\com\fasterxml\jackson\core\jackson-databind\2.9.8\jackson-databind-2.9.8.jar;D:\maven\apache-maven-3.5.2-bin.tar\LocalWarehouse\com\fasterxml\jackson\datatype\jackson-datatype-jdk8\2.9.8\jackson-datatype-jdk8-2.9.8.jar;D:\maven\apache-maven-3.5.2-bin.tar\LocalWarehouse\com\fasterxml\jackson\datatype\jackson-datatype-jsr310\2.9.8\jackson-datatype-jsr310-2.9.8.jar;D:\maven\apache-maven-3.5.2-bin.tar\LocalWarehouse\com\fasterxml\jackson\module\jackson-module-parameter-names\2.9.8\jackson-module-parameter-names-2.9.8.jar;D:\maven\apache-maven-3.5.2-bin.tar\LocalWarehouse\org\springframework\boot\spring-boot-starter-tomcat\2.1.3.RELEASE\spring-boot-starter-tomcat-2.1.3.RELEASE.jar;D:\maven\apache-maven-3.5.2-bin.tar\LocalWarehouse\org\apache\tomcat\embed\tomcat-embed-core\9.0.16\tomcat-embed-core-9.0.16.jar;D:\maven\apache-maven-3.5.2-bin.tar\LocalWarehouse\org\apache\tomcat\embed\tomcat-embed-el\9.0.16\tomcat-embed-el-9.0.16.jar;D:\maven\apache-maven-3.5.2-bin.tar\LocalWarehouse\org\apache\tomcat\embed\tomcat-embed-websocket\9.0.16\tomcat-embed-websocket-9.0.16.jar;D:\maven\apache-maven-3.5.2-bin.tar\LocalWarehouse\org\hibernate\validator\hibernate-validator\6.0.14.Final\hibernate-validator-6.0.14.Final.jar;D:\maven\apache-maven-3.5.2-bin.tar\LocalWarehouse\javax\validation\validation-api\2.0.1.Final\validation-api-2.0.1.Final.jar;D:\maven\apache-maven-3.5.2-bin.tar\LocalWarehouse\org\jboss\logging\jboss-logging\3.3.2.Final\jboss-logging-3.3.2.Final.jar;D:\maven\apache-maven-3.5.2-bin.tar\LocalWarehouse\org\springframework\spring-web\5.1.5.RELEASE\spring-web-5.1.5.RELEASE.jar;D:\maven\apache-maven-3.5.2-bin.tar\LocalWarehouse\org\springframework\spring-beans\5.1.5.RELEASE\spring-beans-5.1.5.RELEASE.jar;D:\maven\apache-maven-3.5.2-bin.tar\LocalWarehouse\org\springframework\spring-webmvc\5.1.5.RELEASE\spring-webmvc-5.1.5.RELEASE.jar;D:\maven\apache-maven-3.5.2-bin.tar\LocalWarehouse\org\springframework\spring-context\5.1.5.RELEASE\spring-context-5.1.5.RELEASE.jar;D:\maven\apache-maven-3.5.2-bin.tar\LocalWarehouse\org\springframework\spring-expression\5.1.5.RELEASE\spring-expression-5.1.5.RELEASE.jar;D:\maven\apache-maven-3.5.2-bin.tar\LocalWarehouse\org\springframework\boot\spring-boot-starter-actuator\2.1.3.RELEASE\spring-boot-starter-actuator-2.1.3.RELEASE.jar;D:\maven\apache-maven-3.5.2-bin.tar\LocalWarehouse\org\springframework\boot\spring-boot-actuator-autoconfigure\2.1.3.RELEASE\spring-boot-actuator-autoconfigure-2.1.3.RELEASE.jar;D:\maven\apache-maven-3.5.2-bin.tar\LocalWarehouse\org\springframework\boot\spring-boot-actuator\2.1.3.RELEASE\spring-boot-actuator-2.1.3.RELEASE.jar;D:\maven\apache-maven-3.5.2-bin.tar\LocalWarehouse\io\micrometer\micrometer-core\1.1.3\micrometer-core-1.1.3.jar;D:\maven\apache-maven-3.5.2-bin.tar\LocalWarehouse\org\hdrhistogram\HdrHistogram\2.1.9\HdrHistogram-2.1.9.jar;D:\maven\apache-maven-3.5.2-bin.tar\LocalWarehouse\org\latencyutils\LatencyUtils\2.0.3\LatencyUtils-2.0.3.jar;D:\maven\apache-maven-3.5.2-bin.tar\LocalWarehouse\org\springframework\boot\spring-boot-starter-aop\2.1.3.RELEASE\spring-boot-starter-aop-2.1.3.RELEASE.jar;D:\maven\apache-maven-3.5.2-bin.tar\LocalWarehouse\org\springframework\spring-aop\5.1.5.RELEASE\spring-aop-5.1.5.RELEASE.jar;D:\maven\apache-maven-3.5.2-bin.tar\LocalWarehouse\org\aspectj\aspectjweaver\1.9.2\aspectjweaver-1.9.2.jar;D:\maven\apache-maven-3.5.2-bin.tar\LocalWarehouse\org\springframework\boot\spring-boot-starter-test\2.1.3.RELEASE\spring-boot-starter-test-2.1.3.RELEASE.jar;D:\maven\apache-maven-3.5.2-bin.tar\LocalWarehouse\org\springframework\boot\spring-boot-test\2.1.3.RELEASE\spring-boot-test-2.1.3.RELEASE.jar;D:\maven\apache-maven-3.5.2-bin.tar\LocalWarehouse\org\springframework\boot\spring-boot-test-autoconfigure\2.1.3.RELEASE\spring-boot-test-autoconfigure-2.1.3.RELEASE.jar;D:\maven\apache-maven-3.5.2-bin.tar\LocalWarehouse\com\jayway\jsonpath\json-path\2.4.0\json-path-2.4.0.jar;D:\maven\apache-maven-3.5.2-bin.tar\LocalWarehouse\net\minidev\json-smart\2.3\json-smart-2.3.jar;D:\maven\apache-maven-3.5.2-bin.tar\LocalWarehouse\net\minidev\accessors-smart\1.2\accessors-smart-1.2.jar;D:\maven\apache-maven-3.5.2-bin.tar\LocalWarehouse\org\ow2\asm\asm\5.0.4\asm-5.0.4.jar;D:\maven\apache-maven-3.5.2-bin.tar\LocalWarehouse\junit\junit\4.12\junit-4.12.jar;D:\maven\apache-maven-3.5.2-bin.tar\LocalWarehouse\org\assertj\assertj-core\3.11.1\assertj-core-3.11.1.jar;D:\maven\apache-maven-3.5.2-bin.tar\LocalWarehouse\org\mockito\mockito-core\2.23.4\mockito-core-2.23.4.jar;D:\maven\apache-maven-3.5.2-bin.tar\LocalWarehouse\net\bytebuddy\byte-buddy\1.9.10\byte-buddy-1.9.10.jar;D:\maven\apache-maven-3.5.2-bin.tar\LocalWarehouse\net\bytebuddy\byte-buddy-agent\1.9.10\byte-buddy-agent-1.9.10.jar;D:\maven\apache-maven-3.5.2-bin.tar\LocalWarehouse\org\objenesis\objenesis\2.6\objenesis-2.6.jar;D:\maven\apache-maven-3.5.2-bin.tar\LocalWarehouse\org\hamcrest\hamcrest-core\1.3\hamcrest-core-1.3.jar;D:\maven\apache-maven-3.5.2-bin.tar\LocalWarehouse\org\hamcrest\hamcrest-library\1.3\hamcrest-library-1.3.jar;D:\maven\apache-maven-3.5.2-bin.tar\LocalWarehouse\org\skyscreamer\jsonassert\1.5.0\jsonassert-1.5.0.jar;D:\maven\apache-maven-3.5.2-bin.tar\LocalWarehouse\com\vaadin\external\google\android-json\0.0.20131108.vaadin1\android-json-0.0.20131108.vaadin1.jar;D:\maven\apache-maven-3.5.2-bin.tar\LocalWarehouse\org\springframework\spring-core\5.1.5.RELEASE\spring-core-5.1.5.RELEASE.jar;D:\maven\apache-maven-3.5.2-bin.tar\LocalWarehouse\org\springframework\spring-jcl\5.1.5.RELEASE\spring-jcl-5.1.5.RELEASE.jar;D:\maven\apache-maven-3.5.2-bin.tar\LocalWarehouse\org\springframework\spring-test\5.1.5.RELEASE\spring-test-5.1.5.RELEASE.jar;D:\maven\apache-maven-3.5.2-bin.tar\LocalWarehouse\org\xmlunit\xmlunit-core\2.6.2\xmlunit-core-2.6.2.jar;D:\maven\apache-maven-3.5.2-bin.tar\LocalWarehouse\com\github\pagehelper\pagehelper-spring-boot-starter\1.2.10\pagehelper-spring-boot-starter-1.2.10.jar;D:\maven\apache-maven-3.5.2-bin.tar\LocalWarehouse\org\mybatis\spring\boot\mybatis-spring-boot-starter\1.3.2\mybatis-spring-boot-starter-1.3.2.jar;D:\maven\apache-maven-3.5.2-bin.tar\LocalWarehouse\org\springframework\boot\spring-boot-starter-jdbc\2.1.3.RELEASE\spring-boot-starter-jdbc-2.1.3.RELEASE.jar;D:\maven\apache-maven-3.5.2-bin.tar\LocalWarehouse\com\zaxxer\HikariCP\3.2.0\HikariCP-3.2.0.jar;D:\maven\apache-maven-3.5.2-bin.tar\LocalWarehouse\org\springframework\spring-jdbc\5.1.5.RELEASE\spring-jdbc-5.1.5.RELEASE.jar;D:\maven\apache-maven-3.5.2-bin.tar\LocalWarehouse\org\mybatis\spring\boot\mybatis-spring-boot-autoconfigure\1.3.2\mybatis-spring-boot-autoconfigure-1.3.2.jar;D:\maven\apache-maven-3.5.2-bin.tar\LocalWarehouse\org\mybatis\mybatis\3.4.6\mybatis-3.4.6.jar;D:\maven\apache-maven-3.5.2-bin.tar\LocalWarehouse\org\mybatis\mybatis-spring\1.3.2\mybatis-spring-1.3.2.jar;D:\maven\apache-maven-3.5.2-bin.tar\LocalWarehouse\com\github\pagehelper\pagehelper-spring-boot-autoconfigure\1.2.10\pagehelper-spring-boot-autoconfigure-1.2.10.jar;D:\maven\apache-maven-3.5.2-bin.tar\LocalWarehouse\com\github\pagehelper\pagehelper\5.1.8\pagehelper-5.1.8.jar;D:\maven\apache-maven-3.5.2-bin.tar\LocalWarehouse\com\github\jsqlparser\jsqlparser\1.2\jsqlparser-1.2.jar;D:\maven\apache-maven-3.5.2-bin.tar\LocalWarehouse\com\alibaba\druid-spring-boot-starter\1.1.10\druid-spring-boot-starter-1.1.10.jar;D:\maven\apache-maven-3.5.2-bin.tar\LocalWarehouse\com\alibaba\druid\1.1.10\druid-1.1.10.jar;D:\maven\apache-maven-3.5.2-bin.tar\LocalWarehouse\org\slf4j\slf4j-api\1.7.25\slf4j-api-1.7.25.jar;D:\maven\apache-maven-3.5.2-bin.tar\LocalWarehouse\org\springframework\boot\spring-boot-autoconfigure\2.1.3.RELEASE\spring-boot-autoconfigure-2.1.3.RELEASE.jar;D:\maven\apache-maven-3.5.2-bin.tar\LocalWarehouse\org\mybatis\generator\mybatis-generator-core\1.3.7\mybatis-generator-core-1.3.7.jar;D:\maven\apache-maven-3.5.2-bin.tar\LocalWarehouse\mysql\mysql-connector-java\8.0.15\mysql-connector-java-8.0.15.jar;D:\maven\apache-maven-3.5.2-bin.tar\LocalWarehouse\io\springfox\springfox-swagger2\2.7.0\springfox-swagger2-2.7.0.jar;D:\maven\apache-maven-3.5.2-bin.tar\LocalWarehouse\io\swagger\swagger-annotations\1.5.13\swagger-annotations-1.5.13.jar;D:\maven\apache-maven-3.5.2-bin.tar\LocalWarehouse\io\swagger\swagger-models\1.5.13\swagger-models-1.5.13.jar;D:\maven\apache-maven-3.5.2-bin.tar\LocalWarehouse\com\fasterxml\jackson\core\jackson-annotations\2.9.0\jackson-annotations-2.9.0.jar;D:\maven\apache-maven-3.5.2-bin.tar\LocalWarehouse\io\springfox\springfox-spi\2.7.0\springfox-spi-2.7.0.jar;D:\maven\apache-maven-3.5.2-bin.tar\LocalWarehouse\io\springfox\springfox-core\2.7.0\springfox-core-2.7.0.jar;D:\maven\apache-maven-3.5.2-bin.tar\LocalWarehouse\io\springfox\springfox-schema\2.7.0\springfox-schema-2.7.0.jar;D:\maven\apache-maven-3.5.2-bin.tar\LocalWarehouse\io\springfox\springfox-swagger-common\2.7.0\springfox-swagger-common-2.7.0.jar;D:\maven\apache-maven-3.5.2-bin.tar\LocalWarehouse\io\springfox\springfox-spring-web\2.7.0\springfox-spring-web-2.7.0.jar;D:\maven\apache-maven-3.5.2-bin.tar\LocalWarehouse\org\reflections\reflections\0.9.11\reflections-0.9.11.jar;D:\maven\apache-maven-3.5.2-bin.tar\LocalWarehouse\org\javassist\javassist\3.21.0-GA\javassist-3.21.0-GA.jar;D:\maven\apache-maven-3.5.2-bin.tar\LocalWarehouse\com\google\guava\guava\18.0\guava-18.0.jar;D:\maven\apache-maven-3.5.2-bin.tar\LocalWarehouse\com\fasterxml\classmate\1.4.0\classmate-1.4.0.jar;D:\maven\apache-maven-3.5.2-bin.tar\LocalWarehouse\org\springframework\plugin\spring-plugin-core\1.2.0.RELEASE\spring-plugin-core-1.2.0.RELEASE.jar;D:\maven\apache-maven-3.5.2-bin.tar\LocalWarehouse\org\springframework\plugin\spring-plugin-metadata\1.2.0.RELEASE\spring-plugin-metadata-1.2.0.RELEASE.jar;D:\maven\apache-maven-3.5.2-bin.tar\LocalWarehouse\org\mapstruct\mapstruct\1.1.0.Final\mapstruct-1.1.0.Final.jar;D:\maven\apache-maven-3.5.2-bin.tar\LocalWarehouse\io\springfox\springfox-swagger-ui\2.7.0\springfox-swagger-ui-2.7.0.jar;D:\maven\apache-maven-3.5.2-bin.tar\LocalWarehouse\io\ebean\ebean\11.44.1\ebean-11.44.1.jar;D:\maven\apache-maven-3.5.2-bin.tar\LocalWarehouse\org\yaml\snakeyaml\1.23\snakeyaml-1.23.jar;D:\maven\apache-maven-3.5.2-bin.tar\LocalWarehouse\io\ebean\persistence-api\2.2.2\persistence-api-2.2.2.jar;D:\maven\apache-maven-3.5.2-bin.tar\LocalWarehouse\io\ebean\ebean-annotation\4.12\ebean-annotation-4.12.jar;D:\maven\apache-maven-3.5.2-bin.tar\LocalWarehouse\io\ebean\ebean-types\1.3\ebean-types-1.3.jar;D:\maven\apache-maven-3.5.2-bin.tar\LocalWarehouse\io\ebean\ebean-datasource\4.6.1\ebean-datasource-4.6.1.jar;D:\maven\apache-maven-3.5.2-bin.tar\LocalWarehouse\io\ebean\ebean-datasource-api\4.6\ebean-datasource-api-4.6.jar;D:\maven\apache-maven-3.5.2-bin.tar\LocalWarehouse\org\avaje\avaje-classpath-scanner\3.1.1\avaje-classpath-scanner-3.1.1.jar;D:\maven\apache-maven-3.5.2-bin.tar\LocalWarehouse\org\avaje\avaje-classpath-scanner-api\2.2\avaje-classpath-scanner-api-2.2.jar;D:\maven\apache-maven-3.5.2-bin.tar\LocalWarehouse\io\ebean\ebean-migration\11.20.1\ebean-migration-11.20.1.jar;D:\maven\apache-maven-3.5.2-bin.tar\LocalWarehouse\org\antlr\antlr4-runtime\4.7.2\antlr4-runtime-4.7.2.jar;D:\maven\apache-maven-3.5.2-bin.tar\LocalWarehouse\com\fasterxml\jackson\core\jackson-core\2.9.8\jackson-core-2.9.8.jar;D:\maven\apache-maven-3.5.2-bin.tar\LocalWarehouse\io\ebean\ebean-querybean\11.44.1\ebean-querybean-11.44.1.jar;D:\maven\apache-maven-3.5.2-bin.tar\LocalWarehouse\io\ebean\querybean-generator\11.44.1\querybean-generator-11.44.1.jar;D:\maven\apache-maven-3.5.2-bin.tar\LocalWarehouse\org\projectlombok\lombok\1.18.6\lombok-1.18.6.jar;D:\maven\apache-maven-3.5.2-bin.tar\LocalWarehouse\org\springframework\boot\spring-boot-starter-data-redis\2.1.3.RELEASE\spring-boot-starter-data-redis-2.1.3.RELEASE.jar;D:\maven\apache-maven-3.5.2-bin.tar\LocalWarehouse\org\springframework\data\spring-data-redis\2.1.5.RELEASE\spring-data-redis-2.1.5.RELEASE.jar;D:\maven\apache-maven-3.5.2-bin.tar\LocalWarehouse\org\springframework\data\spring-data-keyvalue\2.1.5.RELEASE\spring-data-keyvalue-2.1.5.RELEASE.jar;D:\maven\apache-maven-3.5.2-bin.tar\LocalWarehouse\org\springframework\data\spring-data-commons\2.1.5.RELEASE\spring-data-commons-2.1.5.RELEASE.jar;D:\maven\apache-maven-3.5.2-bin.tar\LocalWarehouse\org\springframework\spring-tx\5.1.5.RELEASE\spring-tx-5.1.5.RELEASE.jar;D:\maven\apache-maven-3.5.2-bin.tar\LocalWarehouse\org\springframework\spring-oxm\5.1.5.RELEASE\spring-oxm-5.1.5.RELEASE.jar;D:\maven\apache-maven-3.5.2-bin.tar\LocalWarehouse\org\springframework\spring-context-support\5.1.5.RELEASE\spring-context-support-5.1.5.RELEASE.jar;D:\maven\apache-maven-3.5.2-bin.tar\LocalWarehouse\io\lettuce\lettuce-core\5.1.4.RELEASE\lettuce-core-5.1.4.RELEASE.jar;D:\maven\apache-maven-3.5.2-bin.tar\LocalWarehouse\io\netty\netty-common\4.1.33.Final\netty-common-4.1.33.Final.jar;D:\maven\apache-maven-3.5.2-bin.tar\LocalWarehouse\io\netty\netty-handler\4.1.33.Final\netty-handler-4.1.33.Final.jar;D:\maven\apache-maven-3.5.2-bin.tar\LocalWarehouse\io\netty\netty-buffer\4.1.33.Final\netty-buffer-4.1.33.Final.jar;D:\maven\apache-maven-3.5.2-bin.tar\LocalWarehouse\io\netty\netty-codec\4.1.33.Final\netty-codec-4.1.33.Final.jar;D:\maven\apache-maven-3.5.2-bin.tar\LocalWarehouse\io\netty\netty-transport\4.1.33.Final\netty-transport-4.1.33.Final.jar;D:\maven\apache-maven-3.5.2-bin.tar\LocalWarehouse\io\netty\netty-resolver\4.1.33.Final\netty-resolver-4.1.33.Final.jar;D:\maven\apache-maven-3.5.2-bin.tar\LocalWarehouse\io\projectreactor\reactor-core\3.2.6.RELEASE\reactor-core-3.2.6.RELEASE.jar;D:\maven\apache-maven-3.5.2-bin.tar\LocalWarehouse\org\reactivestreams\reactive-streams\1.0.2\reactive-streams-1.0.2.jar;D:\maven\apache-maven-3.5.2-bin.tar\LocalWarehouse\redis\clients\jedis\2.6.0\jedis-2.6.0.jar;D:\maven\apache-maven-3.5.2-bin.tar\LocalWarehouse\org\apache\commons\commons-pool2\2.6.1\commons-pool2-2.6.1.jar;"/>
    <property name="sun.cpu.endian" value="little"/>
    <property name="user.home" value="C:\Users\hasee"/>
    <property name="user.language" value="zh"/>
    <property name="java.specification.vendor" value="Oracle Corporation"/>
    <property name="java.home" value="C:\Program Files\Java\jdk1.8.0_121\jre"/>
    <property name="basedir" value="E:\YY\fuhua2.0"/>
    <property name="file.separator" value="\"/>
    <property name="line.separator" value="&#10;"/>
    <property name="java.vm.specification.vendor" value="Oracle Corporation"/>
    <property name="java.specification.name" value="Java Platform API Specification"/>
    <property name="java.awt.graphicsenv" value="sun.awt.Win32GraphicsEnvironment"/>
    <property name="surefire.real.class.path" value="C:\Users\hasee\AppData\Local\Temp\surefire8108165582957423393\surefirebooter1393605277956648834.jar"/>
    <property name="sun.boot.class.path" value="C:\Program Files\Java\jdk1.8.0_121\jre\lib\resources.jar;C:\Program Files\Java\jdk1.8.0_121\jre\lib\rt.jar;C:\Program Files\Java\jdk1.8.0_121\jre\lib\sunrsasign.jar;C:\Program Files\Java\jdk1.8.0_121\jre\lib\jsse.jar;C:\Program Files\Java\jdk1.8.0_121\jre\lib\jce.jar;C:\Program Files\Java\jdk1.8.0_121\jre\lib\charsets.jar;C:\Program Files\Java\jdk1.8.0_121\jre\lib\jfr.jar;C:\Program Files\Java\jdk1.8.0_121\jre\classes"/>
    <property name="user.script" value=""/>
    <property name="sun.management.compiler" value="HotSpot 64-Bit Tiered Compilers"/>
    <property name="java.runtime.version" value="1.8.0_121-b13"/>
    <property name="user.name" value="hasee"/>
    <property name="path.separator" value=";"/>
    <property name="os.version" value="10.0"/>
    <property name="java.endorsed.dirs" value="C:\Program Files\Java\jdk1.8.0_121\jre\lib\endorsed"/>
    <property name="java.runtime.name" value="Java(TM) SE Runtime Environment"/>
    <property name="file.encoding" value="GBK"/>
    <property name="java.vm.name" value="Java HotSpot(TM) 64-Bit Server VM"/>
    <property name="localRepository" value="D:\maven\apache-maven-3.5.2-bin.tar\LocalWarehouse"/>
    <property name="java.vendor.url.bug" value="http://bugreport.sun.com/bugreport/"/>
    <property name="java.io.tmpdir" value="C:\Users\hasee\AppData\Local\Temp\"/>
    <property name="idea.version" value="2017.1.4"/>
    <property name="java.version" value="1.8.0_121"/>
    <property name="user.dir" value="E:\YY\fuhua2.0"/>
    <property name="os.arch" value="amd64"/>
    <property name="java.vm.specification.name" value="Java Virtual Machine Specification"/>
    <property name="java.awt.printerjob" value="sun.awt.windows.WPrinterJob"/>
    <property name="sun.os.patch.level" value=""/>
    <property name="java.library.path" value="C:\Program Files\Java\jdk1.8.0_121\jre\bin;C:\WINDOWS\Sun\Java\bin;C:\WINDOWS\system32;C:\WINDOWS;E:\lunixanzhuang\Xshell\;C:\Program Files (x86)\Common Files\NetSarang;C:\ProgramData\Oracle\Java\javapath;D:\oracle-demo\product\11.2.0\dbhome_1\bin;D:\oracle11g\product\11.2.0\dbhome_1\bin;C:\Program Files (x86)\Intel\iCLS Client\;C:\Program Files\Intel\iCLS Client\;C:\Windows\system32;C:\Windows;C:\Windows\System32\Wbem;C:\Windows\System32\WindowsPowerShell\v1.0\;C:\Program Files (x86)\NVIDIA Corporation\PhysX\Common;C:\Program Files (x86)\Intel\Intel(R) Management Engine Components\DAL;C:\Program Files\Intel\Intel(R) Management Engine Components\DAL;C:\Program Files (x86)\Intel\Intel(R) Management Engine Components\IPT;C:\Program Files\Intel\Intel(R) Management Engine Components\IPT;C:\Program Files\Intel\WiFi\bin\;C:\Program Files\Common Files\Intel\WirelessCommon\;C:\Program Files\Java\jdk1.8.0_121\bin;C:\Program Files\Java\jre1.8.0_121\bin;D:\maven\apache-maven-3.5.2-bin.tar\apache-maven-3.5.2;C:\WINDOWS\system32;C:\WINDOWS;C:\WINDOWS\System32\Wbem;C:\WINDOWS\System32\WindowsPowerShell\v1.0\;C:\WINDOWS\System32\OpenSSH\;C:\Program Files\MySQL\MySQL Server 8.0\bin;C:\Users\hasee\AppData\Local\Programs\Python\Python36;C:\ProgramData\chocolatey\bin;E:\vue\node_global;E:\vue\;E:\bin;E:\svn\svn\bin;E:\sonarQube\sonar-scanner-cli-3.3.0.1492-windows\sonar-scanner-3.3.0.1492-windows\bin;E:\gradle\gradle-4.0-all\gradle-4.0\bin;D:\代码编辑器brackets\command;;D:\git\Git\cmd;C:\Users\hasee\AppData\Local\Programs\Python\Python36\Scripts\;C:\Users\hasee\AppData\Local\Programs\Python\Python36\;E:\py\Scripts\;E:\py\;C:\Users\hasee\AppData\Local\Microsoft\WindowsApps;C:\Program Files\Intel\WiFi\bin\;C:\Program Files\Common Files\Intel\WirelessCommon\;C:\Users\hasee\AppData\Roaming\npm;E:\mongoDB\mongoDB\bin;E:\sonarQube\sonar-scanner-cli-3.3.0.1492-windows\sonar-scanner-3.3.0.1492-windows\bin;E:\gradle\gradle-4.0-all\gradle-4.0\bin;D:\git\Git;;."/>
    <property name="java.vm.info" value="mixed mode"/>
    <property name="java.vendor" value="Oracle Corporation"/>
    <property name="java.vm.version" value="25.121-b13"/>
    <property name="java.ext.dirs" value="C:\Program Files\Java\jdk1.8.0_121\jre\lib\ext;C:\WINDOWS\Sun\Java\lib\ext"/>
    <property name="sun.io.unicode.encoding" value="UnicodeLittle"/>
    <property name="maven.repo.local" value="D:\maven\apache-maven-3.5.2-bin.tar\LocalWarehouse"/>
    <property name="java.class.version" value="52.0"/>
  </properties>
  <testcase name="initializationError" classname="com.example.demo.DemoApplicationTests" time="0.011">
    <error message="The class com.example.demo.DemoApplicationTests is not public." type="java.lang.Exception">java.lang.Exception: The class com.example.demo.DemoApplicationTests is not public.
</error>
  </testcase>
  <testcase name="initializationError" classname="com.example.demo.DemoApplicationTests" time="0">
    <error message="Test class should have exactly one public constructor" type="java.lang.Exception">java.lang.Exception: Test class should have exactly one public constructor
</error>
  </testcase>
  <testcase name="initializationError" classname="com.example.demo.DemoApplicationTests" time="0">
    <error message="Method contextLoads() should be public" type="java.lang.Exception">java.lang.Exception: Method contextLoads() should be public
</error>
  </testcase>
</testsuite>